# JRE version: OpenJDK Runtime Environment (11.0.13) (build 11.0.13+0-b1751.21-8125866)
# Java VM: OpenJDK 64-Bit Server VM (11.0.13+0-b1751.21-8125866, mixed mode, tiered, compressed oops, g1 gc, windows-amd64)
Heap:
 garbage-first heap   total 456704K, used 145408K [0x0000000080000000, 0x0000000100000000)
  region size 1024K, 6 young (6144K), 6 survivors (6144K)
 Metaspace       used 98463K, capacity 101090K, committed 101788K, reserved 1136640K
  class space    used 12775K, capacity 13846K, committed 14060K, reserved 1048576K
GC Heap History (20 events):
Event: 35.115 GC heap after
{Heap after GC invocations=34 (full 0):
 garbage-first heap   total 129024K, used 94072K [0x0000000080000000, 0x0000000100000000)
  region size 1024K, 3 young (3072K), 3 survivors (3072K)
 Metaspace       used 91466K, capacity 93650K, committed 93980K, reserved 1130496K
  class space    used 11717K, capacity 12498K, committed 12652K, reserved 1048576K
}
Event: 35.152 GC heap before
{Heap before GC invocations=34 (full 0):
 garbage-first heap   total 129024K, used 106360K [0x0000000080000000, 0x0000000100000000)
  region size 1024K, 16 young (16384K), 3 survivors (3072K)
 Metaspace       used 91700K, capacity 93874K, committed 94236K, reserved 1130496K
  class space    used 11744K, capacity 12530K, committed 12652K, reserved 1048576K
}
Event: 35.155 GC heap after
{Heap after GC invocations=35 (full 0):
 garbage-first heap   total 155648K, used 95725K [0x0000000080000000, 0x0000000100000000)
  region size 1024K, 2 young (2048K), 2 survivors (2048K)
 Metaspace       used 91700K, capacity 93874K, committed 94236K, reserved 1130496K
  class space    used 11744K, capacity 12530K, committed 12652K, reserved 1048576K
}
Event: 35.630 GC heap before
{Heap before GC invocations=36 (full 0):
 garbage-first heap   total 155648K, used 121325K [0x0000000080000000, 0x0000000100000000)
  region size 1024K, 27 young (27648K), 2 survivors (2048K)
 Metaspace       used 94715K, capacity 97119K, committed 97308K, reserved 1134592K
  class space    used 12182K, capacity 13077K, committed 13164K, reserved 1048576K
}
Event: 35.636 GC heap after
{Heap after GC invocations=37 (full 0):
 garbage-first heap   total 155648K, used 98129K [0x0000000080000000, 0x0000000100000000)
  region size 1024K, 4 young (4096K), 4 survivors (4096K)
 Metaspace       used 94715K, capacity 97119K, committed 97308K, reserved 1134592K
  class space    used 12182K, capacity 13077K, committed 13164K, reserved 1048576K
}
Event: 35.770 GC heap before
{Heap before GC invocations=37 (full 0):
 garbage-first heap   total 155648K, used 123729K [0x0000000080000000, 0x0000000100000000)
  region size 1024K, 29 young (29696K), 4 survivors (4096K)
 Metaspace       used 95243K, capacity 97668K, committed 97948K, reserved 1134592K
  class space    used 12265K, capacity 13175K, committed 13292K, reserved 1048576K
}
Event: 35.781 GC heap after
{Heap after GC invocations=38 (full 0):
 garbage-first heap   total 155648K, used 103025K [0x0000000080000000, 0x0000000100000000)
  region size 1024K, 4 young (4096K), 4 survivors (4096K)
 Metaspace       used 95243K, capacity 97668K, committed 97948K, reserved 1134592K
  class space    used 12265K, capacity 13175K, committed 13292K, reserved 1048576K
}
Event: 35.914 GC heap before
{Heap before GC invocations=38 (full 0):
 garbage-first heap   total 155648K, used 125553K [0x0000000080000000, 0x0000000100000000)
  region size 1024K, 26 young (26624K), 4 survivors (4096K)
 Metaspace       used 95500K, capacity 97955K, committed 98204K, reserved 1134592K
  class space    used 12310K, capacity 13229K, committed 13292K, reserved 1048576K
}
Event: 35.926 GC heap after
{Heap after GC invocations=39 (full 0):
 garbage-first heap   total 155648K, used 108002K [0x0000000080000000, 0x0000000100000000)
  region size 1024K, 4 young (4096K), 4 survivors (4096K)
 Metaspace       used 95500K, capacity 97955K, committed 98204K, reserved 1134592K
  class space    used 12310K, capacity 13229K, committed 13292K, reserved 1048576K
}
Event: 36.083 GC heap before
{Heap before GC invocations=39 (full 0):
 garbage-first heap   total 155648K, used 127458K [0x0000000080000000, 0x0000000100000000)
  region size 1024K, 23 young (23552K), 4 survivors (4096K)
 Metaspace       used 96047K, capacity 98486K, committed 98844K, reserved 1134592K
  class space    used 12382K, capacity 13298K, committed 13420K, reserved 1048576K
}
Event: 36.100 GC heap after
{Heap after GC invocations=40 (full 0):
 garbage-first heap   total 155648K, used 112355K [0x0000000080000000, 0x0000000100000000)
  region size 1024K, 3 young (3072K), 3 survivors (3072K)
 Metaspace       used 96047K, capacity 98486K, committed 98844K, reserved 1134592K
  class space    used 12382K, capacity 13298K, committed 13420K, reserved 1048576K
}
Event: 36.215 GC heap before
{Heap before GC invocations=41 (full 0):
 garbage-first heap   total 155648K, used 129763K [0x0000000080000000, 0x0000000100000000)
  region size 1024K, 20 young (20480K), 3 survivors (3072K)
 Metaspace       used 96200K, capacity 98678K, committed 98844K, reserved 1134592K
  class space    used 12393K, capacity 13298K, committed 13420K, reserved 1048576K
}
Event: 36.229 GC heap after
{Heap after GC invocations=42 (full 0):
 garbage-first heap   total 228352K, used 116062K [0x0000000080000000, 0x0000000100000000)
  region size 1024K, 3 young (3072K), 3 survivors (3072K)
 Metaspace       used 96200K, capacity 98678K, committed 98844K, reserved 1134592K
  class space    used 12393K, capacity 13298K, committed 13420K, reserved 1048576K
}
Event: 36.490 GC heap before
{Heap before GC invocations=42 (full 0):
 garbage-first heap   total 228352K, used 153950K [0x0000000080000000, 0x0000000100000000)
  region size 1024K, 41 young (41984K), 3 survivors (3072K)
 Metaspace       used 96851K, capacity 99270K, committed 99356K, reserved 1134592K
  class space    used 12462K, capacity 13362K, committed 13420K, reserved 1048576K
}
Event: 36.506 GC heap after
{Heap after GC invocations=43 (full 0):
 garbage-first heap   total 228352K, used 123901K [0x0000000080000000, 0x0000000100000000)
  region size 1024K, 6 young (6144K), 6 survivors (6144K)
 Metaspace       used 96851K, capacity 99270K, committed 99356K, reserved 1134592K
  class space    used 12462K, capacity 13362K, committed 13420K, reserved 1048576K
}
Event: 36.704 GC heap before
{Heap before GC invocations=43 (full 0):
 garbage-first heap   total 228352K, used 162813K [0x0000000080000000, 0x0000000100000000)
  region size 1024K, 44 young (45056K), 6 survivors (6144K)
 Metaspace       used 97812K, capacity 100414K, committed 100764K, reserved 1136640K
  class space    used 12653K, capacity 13678K, committed 13804K, reserved 1048576K
}
Event: 36.728 GC heap after
{Heap after GC invocations=44 (full 0):
 garbage-first heap   total 228352K, used 131392K [0x0000000080000000, 0x0000000100000000)
  region size 1024K, 6 young (6144K), 6 survivors (6144K)
 Metaspace       used 97812K, capacity 100414K, committed 100764K, reserved 1136640K
  class space    used 12653K, capacity 13678K, committed 13804K, reserved 1048576K
}
Event: 36.908 GC heap before
{Heap before GC invocations=44 (full 0):
 garbage-first heap   total 228352K, used 169280K [0x0000000080000000, 0x0000000100000000)
  region size 1024K, 43 young (44032K), 6 survivors (6144K)
 Metaspace       used 98076K, capacity 100715K, committed 101532K, reserved 1136640K
  class space    used 12713K, capacity 13789K, committed 14060K, reserved 1048576K
}
Event: 36.924 GC heap after
{Heap after GC invocations=45 (full 0):
 garbage-first heap   total 228352K, used 138552K [0x0000000080000000, 0x0000000100000000)
  region size 1024K, 6 young (6144K), 6 survivors (6144K)
 Metaspace       used 98076K, capacity 100715K, committed 101532K, reserved 1136640K
  class space    used 12713K, capacity 13789K, committed 14060K, reserved 1048576K
}
Event: 37.083 GC heap before
{Heap before GC invocations=46 (full 0):
 garbage-first heap   total 228352K, used 175416K [0x0000000080000000, 0x0000000100000000)
  region size 1024K, 42 young (43008K), 6 survivors (6144K)
 Metaspace       used 98463K, capacity 101090K, committed 101788K, reserved 1136640K
  class space    used 12775K, capacity 13846K, committed 14060K, reserved 1048576K
}

