# JRE version: OpenJDK Runtime Environment (11.0.13) (build 11.0.13+0-b1751.21-8125866)
# Java VM: OpenJDK 64-Bit Server VM (11.0.13+0-b1751.21-8125866, mixed mode, tiered, compressed oops, g1 gc, windows-amd64)
Heap:
 garbage-first heap   total 531456K, used 172342K [0x0000000080000000, 0x0000000100000000)
  region size 1024K, 11 young (11264K), 11 survivors (11264K)
 Metaspace       used 108887K, capacity 111755K, committed 111952K, reserved 1146880K
  class space    used 14072K, capacity 15258K, committed 15264K, reserved 1048576K
GC Heap History (20 events):
Event: 32.732 GC heap after
{Heap after GC invocations=44 (full 0):
 garbage-first heap   total 187392K, used 116128K [0x0000000080000000, 0x0000000100000000)
  region size 1024K, 6 young (6144K), 6 survivors (6144K)
 Metaspace       used 100526K, capacity 103132K, committed 103504K, reserved 1138688K
  class space    used 12853K, capacity 13862K, committed 13984K, reserved 1048576K
}
Event: 33.129 GC heap before
{Heap before GC invocations=45 (full 0):
 garbage-first heap   total 187392K, used 149920K [0x0000000080000000, 0x0000000100000000)
  region size 1024K, 39 young (39936K), 6 survivors (6144K)
 Metaspace       used 101676K, capacity 104275K, committed 104656K, reserved 1140736K
  class space    used 12984K, capacity 13984K, committed 14112K, reserved 1048576K
}
Event: 33.148 GC heap after
{Heap after GC invocations=46 (full 0):
 garbage-first heap   total 187392K, used 122489K [0x0000000080000000, 0x0000000100000000)
  region size 1024K, 5 young (5120K), 5 survivors (5120K)
 Metaspace       used 101676K, capacity 104275K, committed 104656K, reserved 1140736K
  class space    used 12984K, capacity 13984K, committed 14112K, reserved 1048576K
}
Event: 33.169 GC heap before
{Heap before GC invocations=46 (full 0):
 garbage-first heap   total 187392K, used 126585K [0x0000000080000000, 0x0000000100000000)
  region size 1024K, 9 young (9216K), 5 survivors (5120K)
 Metaspace       used 101738K, capacity 104275K, committed 104656K, reserved 1140736K
  class space    used 12996K, capacity 13984K, committed 14112K, reserved 1048576K
}
Event: 33.187 GC heap after
{Heap after GC invocations=47 (full 0):
 garbage-first heap   total 240640K, used 121557K [0x0000000080000000, 0x0000000100000000)
  region size 1024K, 2 young (2048K), 2 survivors (2048K)
 Metaspace       used 101738K, capacity 104275K, committed 104656K, reserved 1140736K
  class space    used 12996K, capacity 13984K, committed 14112K, reserved 1048576K
}
Event: 33.514 GC heap before
{Heap before GC invocations=47 (full 0):
 garbage-first heap   total 240640K, used 171733K [0x0000000080000000, 0x0000000100000000)
  region size 1024K, 51 young (52224K), 2 survivors (2048K)
 Metaspace       used 103102K, capacity 105875K, committed 106064K, reserved 1140736K
  class space    used 13247K, capacity 14387K, committed 14496K, reserved 1048576K
}
Event: 33.536 GC heap after
{Heap after GC invocations=48 (full 0):
 garbage-first heap   total 240640K, used 130330K [0x0000000080000000, 0x0000000100000000)
  region size 1024K, 7 young (7168K), 7 survivors (7168K)
 Metaspace       used 103102K, capacity 105875K, committed 106064K, reserved 1140736K
  class space    used 13247K, capacity 14387K, committed 14496K, reserved 1048576K
}
Event: 33.750 GC heap before
{Heap before GC invocations=48 (full 0):
 garbage-first heap   total 240640K, used 179482K [0x0000000080000000, 0x0000000100000000)
  region size 1024K, 55 young (56320K), 7 survivors (7168K)
 Metaspace       used 103546K, capacity 106402K, committed 106576K, reserved 1140736K
  class space    used 13317K, capacity 14474K, committed 14496K, reserved 1048576K
}
Event: 33.773 GC heap after
{Heap after GC invocations=49 (full 0):
 garbage-first heap   total 240640K, used 139159K [0x0000000080000000, 0x0000000100000000)
  region size 1024K, 7 young (7168K), 7 survivors (7168K)
 Metaspace       used 103546K, capacity 106402K, committed 106576K, reserved 1140736K
  class space    used 13317K, capacity 14474K, committed 14496K, reserved 1048576K
}
Event: 33.962 GC heap before
{Heap before GC invocations=50 (full 0):
 garbage-first heap   total 240640K, used 186263K [0x0000000080000000, 0x0000000100000000)
  region size 1024K, 53 young (54272K), 7 survivors (7168K)
 Metaspace       used 103873K, capacity 106450K, committed 107216K, reserved 1142784K
  class space    used 13315K, capacity 14367K, committed 14624K, reserved 1048576K
}
Event: 33.980 GC heap after
{Heap after GC invocations=51 (full 0):
 garbage-first heap   total 240640K, used 148001K [0x0000000080000000, 0x0000000100000000)
  region size 1024K, 7 young (7168K), 7 survivors (7168K)
 Metaspace       used 103873K, capacity 106450K, committed 107216K, reserved 1142784K
  class space    used 13315K, capacity 14367K, committed 14624K, reserved 1048576K
}
Event: 34.142 GC heap before
{Heap before GC invocations=51 (full 0):
 garbage-first heap   total 240640K, used 189985K [0x0000000080000000, 0x0000000100000000)
  region size 1024K, 49 young (50176K), 7 survivors (7168K)
 Metaspace       used 104565K, capacity 107169K, committed 107856K, reserved 1142784K
  class space    used 13436K, capacity 14501K, committed 14752K, reserved 1048576K
}
Event: 34.169 GC heap after
{Heap after GC invocations=52 (full 0):
 garbage-first heap   total 371712K, used 155844K [0x0000000080000000, 0x0000000100000000)
  region size 1024K, 7 young (7168K), 7 survivors (7168K)
 Metaspace       used 104565K, capacity 107169K, committed 107856K, reserved 1142784K
  class space    used 13436K, capacity 14501K, committed 14752K, reserved 1048576K
}
Event: 35.221 GC heap before
{Heap before GC invocations=52 (full 0):
 garbage-first heap   total 371712K, used 237764K [0x0000000080000000, 0x0000000100000000)
  region size 1024K, 88 young (90112K), 7 survivors (7168K)
 Metaspace       used 107491K, capacity 110240K, committed 110544K, reserved 1144832K
  class space    used 13851K, capacity 15010K, committed 15136K, reserved 1048576K
}
Event: 35.245 GC heap after
{Heap after GC invocations=53 (full 0):
 garbage-first heap   total 371712K, used 162527K [0x0000000080000000, 0x0000000100000000)
  region size 1024K, 7 young (7168K), 7 survivors (7168K)
 Metaspace       used 107491K, capacity 110240K, committed 110544K, reserved 1144832K
  class space    used 13851K, capacity 15010K, committed 15136K, reserved 1048576K
}
Event: 36.024 GC heap before
{Heap before GC invocations=53 (full 0):
 garbage-first heap   total 371712K, used 250591K [0x0000000080000000, 0x0000000100000000)
  region size 1024K, 93 young (95232K), 7 survivors (7168K)
 Metaspace       used 108667K, capacity 111463K, committed 111696K, reserved 1146880K
  class space    used 14025K, capacity 15202K, committed 15264K, reserved 1048576K
}
Event: 36.039 GC heap after
{Heap after GC invocations=54 (full 0):
 garbage-first heap   total 371712K, used 165010K [0x0000000080000000, 0x0000000100000000)
  region size 1024K, 9 young (9216K), 9 survivors (9216K)
 Metaspace       used 108667K, capacity 111463K, committed 111696K, reserved 1146880K
  class space    used 14025K, capacity 15202K, committed 15264K, reserved 1048576K
}
Event: 36.494 GC heap before
{Heap before GC invocations=54 (full 0):
 garbage-first heap   total 371712K, used 272530K [0x0000000080000000, 0x0000000100000000)
  region size 1024K, 115 young (117760K), 9 survivors (9216K)
 Metaspace       used 108863K, capacity 111735K, committed 111952K, reserved 1146880K
  class space    used 14068K, capacity 15251K, committed 15264K, reserved 1048576K
}
Event: 36.514 GC heap after
{Heap after GC invocations=55 (full 0):
 garbage-first heap   total 371712K, used 169657K [0x0000000080000000, 0x0000000100000000)
  region size 1024K, 8 young (8192K), 8 survivors (8192K)
 Metaspace       used 108863K, capacity 111735K, committed 111952K, reserved 1146880K
  class space    used 14068K, capacity 15251K, committed 15264K, reserved 1048576K
}
Event: 36.883 GC heap before
{Heap before GC invocations=55 (full 0):
 garbage-first heap   total 371712K, used 282297K [0x0000000080000000, 0x0000000100000000)
  region size 1024K, 118 young (120832K), 8 survivors (8192K)
 Metaspace       used 108887K, capacity 111755K, committed 111952K, reserved 1146880K
  class space    used 14072K, capacity 15258K, committed 15264K, reserved 1048576K
}

