# JRE version: OpenJDK Runtime Environment (11.0.13) (build 11.0.13+0-b1751.21-8125866)
# Java VM: OpenJDK 64-Bit Server VM (11.0.13+0-b1751.21-8125866, mixed mode, tiered, compressed oops, g1 gc, windows-amd64)
Heap:
 garbage-first heap   total 187392K, used 141390K [0x0000000080000000, 0x0000000100000000)
  region size 1024K, 43 young (44032K), 1 survivors (1024K)
 Metaspace       used 121820K, capacity 125158K, committed 126844K, reserved 1159168K
  class space    used 15281K, capacity 16569K, committed 17356K, reserved 1048576K
GC Heap History (20 events):
Event: 2541.515 GC heap before
{Heap before GC invocations=42 (full 0):
 garbage-first heap   total 187392K, used 149783K [0x0000000080000000, 0x0000000100000000)
  region size 1024K, 55 young (56320K), 2 survivors (2048K)
 Metaspace       used 118802K, capacity 121736K, committed 124796K, reserved 1157120K
  class space    used 15115K, capacity 16272K, committed 17356K, reserved 1048576K
}
Event: 2541.540 GC heap after
{Heap after GC invocations=43 (full 0):
 garbage-first heap   total 187392K, used 99270K [0x0000000080000000, 0x0000000100000000)
  region size 1024K, 5 young (5120K), 5 survivors (5120K)
 Metaspace       used 118802K, capacity 121736K, committed 124796K, reserved 1157120K
  class space    used 15115K, capacity 16272K, committed 17356K, reserved 1048576K
}
Event: 2541.549 GC heap before
{Heap before GC invocations=43 (full 0):
 garbage-first heap   total 187392K, used 103366K [0x0000000080000000, 0x0000000100000000)
  region size 1024K, 9 young (9216K), 5 survivors (5120K)
 Metaspace       used 118802K, capacity 121736K, committed 124796K, reserved 1157120K
  class space    used 15115K, capacity 16272K, committed 17356K, reserved 1048576K
}
Event: 2541.659 GC heap after
{Heap after GC invocations=44 (full 0):
 garbage-first heap   total 187392K, used 85613K [0x0000000080000000, 0x0000000100000000)
  region size 1024K, 1 young (1024K), 1 survivors (1024K)
 Metaspace       used 118802K, capacity 121736K, committed 124796K, reserved 1157120K
  class space    used 15115K, capacity 16272K, committed 17356K, reserved 1048576K
}
Event: 2541.699 GC heap before
{Heap before GC invocations=44 (full 0):
 garbage-first heap   total 187392K, used 93805K [0x0000000080000000, 0x0000000100000000)
  region size 1024K, 9 young (9216K), 1 survivors (1024K)
 Metaspace       used 118804K, capacity 121736K, committed 124796K, reserved 1157120K
  class space    used 15115K, capacity 16272K, committed 17356K, reserved 1048576K
}
Event: 2541.712 GC heap after
{Heap after GC invocations=45 (full 0):
 garbage-first heap   total 187392K, used 82457K [0x0000000080000000, 0x0000000100000000)
  region size 1024K, 1 young (1024K), 1 survivors (1024K)
 Metaspace       used 118804K, capacity 121736K, committed 124796K, reserved 1157120K
  class space    used 15115K, capacity 16272K, committed 17356K, reserved 1048576K
}
Event: 2541.749 GC heap before
{Heap before GC invocations=45 (full 0):
 garbage-first heap   total 187392K, used 90649K [0x0000000080000000, 0x0000000100000000)
  region size 1024K, 9 young (9216K), 1 survivors (1024K)
 Metaspace       used 118804K, capacity 121736K, committed 124796K, reserved 1157120K
  class space    used 15115K, capacity 16272K, committed 17356K, reserved 1048576K
}
Event: 2541.756 GC heap after
{Heap after GC invocations=46 (full 0):
 garbage-first heap   total 187392K, used 82685K [0x0000000080000000, 0x0000000100000000)
  region size 1024K, 1 young (1024K), 1 survivors (1024K)
 Metaspace       used 118804K, capacity 121736K, committed 124796K, reserved 1157120K
  class space    used 15115K, capacity 16272K, committed 17356K, reserved 1048576K
}
Event: 3106.628 GC heap before
{Heap before GC invocations=46 (full 0):
 garbage-first heap   total 187392K, used 145149K [0x0000000080000000, 0x0000000100000000)
  region size 1024K, 63 young (64512K), 1 survivors (1024K)
 Metaspace       used 119763K, capacity 122800K, committed 125308K, reserved 1157120K
  class space    used 15177K, capacity 16379K, committed 17356K, reserved 1048576K
}
Event: 3106.747 GC heap after
{Heap after GC invocations=47 (full 0):
 garbage-first heap   total 187392K, used 88473K [0x0000000080000000, 0x0000000100000000)
  region size 1024K, 7 young (7168K), 7 survivors (7168K)
 Metaspace       used 119763K, capacity 122800K, committed 125308K, reserved 1157120K
  class space    used 15177K, capacity 16379K, committed 17356K, reserved 1048576K
}
Event: 3109.700 GC heap before
{Heap before GC invocations=48 (full 0):
 garbage-first heap   total 187392K, used 149913K [0x0000000080000000, 0x0000000100000000)
  region size 1024K, 66 young (67584K), 7 survivors (7168K)
 Metaspace       used 120287K, capacity 123396K, committed 125820K, reserved 1157120K
  class space    used 15185K, capacity 16394K, committed 17356K, reserved 1048576K
}
Event: 3109.750 GC heap after
{Heap after GC invocations=49 (full 0):
 garbage-first heap   total 187392K, used 99485K [0x0000000080000000, 0x0000000100000000)
  region size 1024K, 9 young (9216K), 9 survivors (9216K)
 Metaspace       used 120287K, capacity 123396K, committed 125820K, reserved 1157120K
  class space    used 15185K, capacity 16394K, committed 17356K, reserved 1048576K
}
Event: 3109.829 GC heap before
{Heap before GC invocations=49 (full 0):
 garbage-first heap   total 187392K, used 100509K [0x0000000080000000, 0x0000000100000000)
  region size 1024K, 10 young (10240K), 9 survivors (9216K)
 Metaspace       used 120287K, capacity 123396K, committed 125820K, reserved 1157120K
  class space    used 15185K, capacity 16394K, committed 17356K, reserved 1048576K
}
Event: 3109.863 GC heap after
{Heap after GC invocations=50 (full 0):
 garbage-first heap   total 187392K, used 98716K [0x0000000080000000, 0x0000000100000000)
  region size 1024K, 2 young (2048K), 2 survivors (2048K)
 Metaspace       used 120287K, capacity 123396K, committed 125820K, reserved 1157120K
  class space    used 15185K, capacity 16394K, committed 17356K, reserved 1048576K
}
Event: 3110.844 GC heap before
{Heap before GC invocations=50 (full 0):
 garbage-first heap   total 187392K, used 147868K [0x0000000080000000, 0x0000000100000000)
  region size 1024K, 51 young (52224K), 2 survivors (2048K)
 Metaspace       used 120917K, capacity 124073K, committed 126332K, reserved 1159168K
  class space    used 15213K, capacity 16444K, committed 17356K, reserved 1048576K
}
Event: 3110.862 GC heap after
{Heap after GC invocations=51 (full 0):
 garbage-first heap   total 187392K, used 106710K [0x0000000080000000, 0x0000000100000000)
  region size 1024K, 7 young (7168K), 7 survivors (7168K)
 Metaspace       used 120917K, capacity 124073K, committed 126332K, reserved 1159168K
  class space    used 15213K, capacity 16444K, committed 17356K, reserved 1048576K
}
Event: 3200.776 GC heap before
{Heap before GC invocations=52 (full 0):
 garbage-first heap   total 187392K, used 158934K [0x0000000080000000, 0x0000000100000000)
  region size 1024K, 49 young (50176K), 7 survivors (7168K)
 Metaspace       used 121390K, capacity 124634K, committed 126588K, reserved 1159168K
  class space    used 15244K, capacity 16500K, committed 17356K, reserved 1048576K
}
Event: 3200.943 GC heap after
{Heap after GC invocations=53 (full 0):
 garbage-first heap   total 187392K, used 109738K [0x0000000080000000, 0x0000000100000000)
  region size 1024K, 3 young (3072K), 3 survivors (3072K)
 Metaspace       used 121390K, capacity 124634K, committed 126588K, reserved 1159168K
  class space    used 15244K, capacity 16500K, committed 17356K, reserved 1048576K
}
Event: 3201.139 GC heap before
{Heap before GC invocations=53 (full 0):
 garbage-first heap   total 187392K, used 115882K [0x0000000080000000, 0x0000000100000000)
  region size 1024K, 9 young (9216K), 3 survivors (3072K)
 Metaspace       used 121405K, capacity 124639K, committed 126588K, reserved 1159168K
  class space    used 15244K, capacity 16501K, committed 17356K, reserved 1048576K
}
Event: 3201.275 GC heap after
{Heap after GC invocations=54 (full 0):
 garbage-first heap   total 187392K, used 100430K [0x0000000080000000, 0x0000000100000000)
  region size 1024K, 1 young (1024K), 1 survivors (1024K)
 Metaspace       used 121405K, capacity 124639K, committed 126588K, reserved 1159168K
  class space    used 15244K, capacity 16501K, committed 17356K, reserved 1048576K
}

