# JRE version: OpenJDK Runtime Environment (11.0.13) (build 11.0.13+0-b1751.21-8125866)
# Java VM: OpenJDK 64-Bit Server VM (11.0.13+0-b1751.21-8125866, mixed mode, tiered, compressed oops, g1 gc, windows-amd64)
Heap:
 garbage-first heap   total 365568K, used 179487K [0x0000000080000000, 0x0000000100000000)
  region size 1024K, 7 young (7168K), 7 survivors (7168K)
 Metaspace       used 111034K, capacity 114048K, committed 114256K, reserved 1148928K
  class space    used 13878K, capacity 15088K, committed 15104K, reserved 1048576K
GC Heap History (20 events):
Event: 35.099 GC heap after
{Heap after GC invocations=47 (full 0):
 garbage-first heap   total 225280K, used 88463K [0x0000000080000000, 0x0000000100000000)
  region size 1024K, 4 young (4096K), 4 survivors (4096K)
 Metaspace       used 97468K, capacity 99671K, committed 99792K, reserved 1136640K
  class space    used 11992K, capacity 12810K, committed 12928K, reserved 1048576K
}
Event: 36.603 GC heap before
{Heap before GC invocations=48 (full 0):
 garbage-first heap   total 225280K, used 157071K [0x0000000080000000, 0x0000000100000000)
  region size 1024K, 72 young (73728K), 4 survivors (4096K)
 Metaspace       used 100316K, capacity 102542K, committed 102736K, reserved 1138688K
  class space    used 12322K, capacity 13179K, committed 13312K, reserved 1048576K
}
Event: 36.612 GC heap after
{Heap after GC invocations=49 (full 0):
 garbage-first heap   total 225280K, used 91990K [0x0000000080000000, 0x0000000100000000)
  region size 1024K, 7 young (7168K), 7 survivors (7168K)
 Metaspace       used 100316K, capacity 102542K, committed 102736K, reserved 1138688K
  class space    used 12322K, capacity 13179K, committed 13312K, reserved 1048576K
}
Event: 36.674 GC heap before
{Heap before GC invocations=49 (full 0):
 garbage-first heap   total 225280K, used 95062K [0x0000000080000000, 0x0000000100000000)
  region size 1024K, 11 young (11264K), 7 survivors (7168K)
 Metaspace       used 100608K, capacity 102830K, committed 102992K, reserved 1138688K
  class space    used 12366K, capacity 13211K, committed 13312K, reserved 1048576K
}
Event: 36.679 GC heap after
{Heap after GC invocations=50 (full 0):
 garbage-first heap   total 225280K, used 91702K [0x0000000080000000, 0x0000000100000000)
  region size 1024K, 1 young (1024K), 1 survivors (1024K)
 Metaspace       used 100608K, capacity 102830K, committed 102992K, reserved 1138688K
  class space    used 12366K, capacity 13211K, committed 13312K, reserved 1048576K
}
Event: 37.662 GC heap before
{Heap before GC invocations=50 (full 0):
 garbage-first heap   total 225280K, used 163382K [0x0000000080000000, 0x0000000100000000)
  region size 1024K, 72 young (73728K), 1 survivors (1024K)
 Metaspace       used 103478K, capacity 105744K, committed 105808K, reserved 1142784K
  class space    used 12705K, capacity 13559K, committed 13568K, reserved 1048576K
}
Event: 37.669 GC heap after
{Heap after GC invocations=51 (full 0):
 garbage-first heap   total 225280K, used 96538K [0x0000000080000000, 0x0000000100000000)
  region size 1024K, 6 young (6144K), 6 survivors (6144K)
 Metaspace       used 103478K, capacity 105744K, committed 105808K, reserved 1142784K
  class space    used 12705K, capacity 13559K, committed 13568K, reserved 1048576K
}
Event: 37.791 GC heap before
{Heap before GC invocations=51 (full 0):
 garbage-first heap   total 225280K, used 168218K [0x0000000080000000, 0x0000000100000000)
  region size 1024K, 77 young (78848K), 6 survivors (6144K)
 Metaspace       used 103757K, capacity 106063K, committed 106192K, reserved 1142784K
  class space    used 12737K, capacity 13600K, committed 13696K, reserved 1048576K
}
Event: 37.800 GC heap after
{Heap after GC invocations=52 (full 0):
 garbage-first heap   total 225280K, used 115597K [0x0000000080000000, 0x0000000100000000)
  region size 1024K, 10 young (10240K), 10 survivors (10240K)
 Metaspace       used 103757K, capacity 106063K, committed 106192K, reserved 1142784K
  class space    used 12737K, capacity 13600K, committed 13696K, reserved 1048576K
}
Event: 38.730 GC heap before
{Heap before GC invocations=52 (full 0):
 garbage-first heap   total 225280K, used 171917K [0x0000000080000000, 0x0000000100000000)
  region size 1024K, 66 young (67584K), 10 survivors (10240K)
 Metaspace       used 106938K, capacity 109352K, committed 109520K, reserved 1144832K
  class space    used 13177K, capacity 14097K, committed 14208K, reserved 1048576K
}
Event: 38.747 GC heap after
{Heap after GC invocations=53 (full 0):
 garbage-first heap   total 225280K, used 124264K [0x0000000080000000, 0x0000000100000000)
  region size 1024K, 9 young (9216K), 9 survivors (9216K)
 Metaspace       used 106938K, capacity 109352K, committed 109520K, reserved 1144832K
  class space    used 13177K, capacity 14097K, committed 14208K, reserved 1048576K
}
Event: 39.010 GC heap before
{Heap before GC invocations=53 (full 0):
 garbage-first heap   total 225280K, used 176488K [0x0000000080000000, 0x0000000100000000)
  region size 1024K, 60 young (61440K), 9 survivors (9216K)
 Metaspace       used 107899K, capacity 110486K, committed 110800K, reserved 1146880K
  class space    used 13354K, capacity 14349K, committed 14464K, reserved 1048576K
}
Event: 39.040 GC heap after
{Heap after GC invocations=54 (full 0):
 garbage-first heap   total 270336K, used 134560K [0x0000000080000000, 0x0000000100000000)
  region size 1024K, 8 young (8192K), 8 survivors (8192K)
 Metaspace       used 107899K, capacity 110486K, committed 110800K, reserved 1146880K
  class space    used 13354K, capacity 14349K, committed 14464K, reserved 1048576K
}
Event: 39.366 GC heap before
{Heap before GC invocations=54 (full 0):
 garbage-first heap   total 270336K, used 198048K [0x0000000080000000, 0x0000000100000000)
  region size 1024K, 71 young (72704K), 8 survivors (8192K)
 Metaspace       used 109357K, capacity 111966K, committed 112208K, reserved 1146880K
  class space    used 13550K, capacity 14561K, committed 14592K, reserved 1048576K
}
Event: 39.389 GC heap after
{Heap after GC invocations=55 (full 0):
 garbage-first heap   total 270336K, used 147153K [0x0000000080000000, 0x0000000100000000)
  region size 1024K, 9 young (9216K), 9 survivors (9216K)
 Metaspace       used 109357K, capacity 111966K, committed 112208K, reserved 1146880K
  class space    used 13550K, capacity 14561K, committed 14592K, reserved 1048576K
}
Event: 39.606 GC heap before
{Heap before GC invocations=55 (full 0):
 garbage-first heap   total 270336K, used 205521K [0x0000000080000000, 0x0000000100000000)
  region size 1024K, 67 young (68608K), 9 survivors (9216K)
 Metaspace       used 110629K, capacity 113604K, committed 113744K, reserved 1148928K
  class space    used 13809K, capacity 14987K, committed 15104K, reserved 1048576K
}
Event: 39.633 GC heap after
{Heap after GC invocations=56 (full 0):
 garbage-first heap   total 270336K, used 157955K [0x0000000080000000, 0x0000000100000000)
  region size 1024K, 9 young (9216K), 9 survivors (9216K)
 Metaspace       used 110629K, capacity 113604K, committed 113744K, reserved 1148928K
  class space    used 13809K, capacity 14987K, committed 15104K, reserved 1048576K
}
Event: 39.773 GC heap before
{Heap before GC invocations=56 (full 0):
 garbage-first heap   total 270336K, used 213251K [0x0000000080000000, 0x0000000100000000)
  region size 1024K, 63 young (64512K), 9 survivors (9216K)
 Metaspace       used 110674K, capacity 113616K, committed 113744K, reserved 1148928K
  class space    used 13809K, capacity 14987K, committed 15104K, reserved 1048576K
}
Event: 39.799 GC heap after
{Heap after GC invocations=57 (full 0):
 garbage-first heap   total 270336K, used 170240K [0x0000000080000000, 0x0000000100000000)
  region size 1024K, 8 young (8192K), 8 survivors (8192K)
 Metaspace       used 110674K, capacity 113616K, committed 113744K, reserved 1148928K
  class space    used 13809K, capacity 14987K, committed 15104K, reserved 1048576K
}
Event: 39.934 GC heap before
{Heap before GC invocations=57 (full 0):
 garbage-first heap   total 270336K, used 218368K [0x0000000080000000, 0x0000000100000000)
  region size 1024K, 55 young (56320K), 8 survivors (8192K)
 Metaspace       used 111034K, capacity 114048K, committed 114256K, reserved 1148928K
  class space    used 13878K, capacity 15088K, committed 15104K, reserved 1048576K
}

