# JRE version: OpenJDK Runtime Environment (11.0.13) (build 11.0.13+0-b1751.21-8125866)
# Java VM: OpenJDK 64-Bit Server VM (11.0.13+0-b1751.21-8125866, mixed mode, tiered, compressed oops, g1 gc, windows-amd64)
Heap:
 garbage-first heap   total 484352K, used 173553K [0x0000000080000000, 0x0000000100000000)
  region size 1024K, 2 young (2048K), 2 survivors (2048K)
 Metaspace       used 111738K, capacity 114510K, committed 114920K, reserved 1148928K
  class space    used 14304K, capacity 15394K, committed 15520K, reserved 1048576K
GC Heap History (20 events):
Event: 25.798 GC heap after
{Heap after GC invocations=39 (full 0):
 garbage-first heap   total 187392K, used 88825K [0x0000000080000000, 0x0000000100000000)
  region size 1024K, 2 young (2048K), 2 survivors (2048K)
 Metaspace       used 98371K, capacity 100473K, committed 100712K, reserved 1136640K
  class space    used 12419K, capacity 13237K, committed 13344K, reserved 1048576K
}
Event: 26.242 GC heap before
{Heap before GC invocations=39 (full 0):
 garbage-first heap   total 187392K, used 133881K [0x0000000080000000, 0x0000000100000000)
  region size 1024K, 47 young (48128K), 2 survivors (2048K)
 Metaspace       used 99241K, capacity 101391K, committed 101608K, reserved 1138688K
  class space    used 12519K, capacity 13321K, committed 13472K, reserved 1048576K
}
Event: 26.250 GC heap after
{Heap after GC invocations=40 (full 0):
 garbage-first heap   total 187392K, used 92773K [0x0000000080000000, 0x0000000100000000)
  region size 1024K, 6 young (6144K), 6 survivors (6144K)
 Metaspace       used 99241K, capacity 101391K, committed 101608K, reserved 1138688K
  class space    used 12519K, capacity 13321K, committed 13472K, reserved 1048576K
}
Event: 26.395 GC heap before
{Heap before GC invocations=40 (full 0):
 garbage-first heap   total 187392K, used 137829K [0x0000000080000000, 0x0000000100000000)
  region size 1024K, 51 young (52224K), 6 survivors (6144K)
 Metaspace       used 99784K, capacity 101991K, committed 102120K, reserved 1138688K
  class space    used 12601K, capacity 13413K, committed 13472K, reserved 1048576K
}
Event: 26.405 GC heap after
{Heap after GC invocations=41 (full 0):
 garbage-first heap   total 225280K, used 104752K [0x0000000080000000, 0x0000000100000000)
  region size 1024K, 7 young (7168K), 7 survivors (7168K)
 Metaspace       used 99784K, capacity 101991K, committed 102120K, reserved 1138688K
  class space    used 12601K, capacity 13413K, committed 13472K, reserved 1048576K
}
Event: 27.376 GC heap before
{Heap before GC invocations=42 (full 0):
 garbage-first heap   total 225280K, used 160048K [0x0000000080000000, 0x0000000100000000)
  region size 1024K, 62 young (63488K), 7 survivors (7168K)
 Metaspace       used 103445K, capacity 105892K, committed 106088K, reserved 1140736K
  class space    used 13143K, capacity 14099K, committed 14112K, reserved 1048576K
}
Event: 27.397 GC heap after
{Heap after GC invocations=43 (full 0):
 garbage-first heap   total 225280K, used 110713K [0x0000000080000000, 0x0000000100000000)
  region size 1024K, 8 young (8192K), 8 survivors (8192K)
 Metaspace       used 103445K, capacity 105892K, committed 106088K, reserved 1140736K
  class space    used 13143K, capacity 14099K, committed 14112K, reserved 1048576K
}
Event: 27.984 GC heap before
{Heap before GC invocations=43 (full 0):
 garbage-first heap   total 225280K, used 166009K [0x0000000080000000, 0x0000000100000000)
  region size 1024K, 62 young (63488K), 8 survivors (8192K)
 Metaspace       used 104606K, capacity 107190K, committed 107368K, reserved 1142784K
  class space    used 13327K, capacity 14317K, committed 14368K, reserved 1048576K
}
Event: 28.025 GC heap after
{Heap after GC invocations=44 (full 0):
 garbage-first heap   total 225280K, used 119431K [0x0000000080000000, 0x0000000100000000)
  region size 1024K, 8 young (8192K), 8 survivors (8192K)
 Metaspace       used 104606K, capacity 107190K, committed 107368K, reserved 1142784K
  class space    used 13327K, capacity 14317K, committed 14368K, reserved 1048576K
}
Event: 28.625 GC heap before
{Heap before GC invocations=45 (full 0):
 garbage-first heap   total 225280K, used 170631K [0x0000000080000000, 0x0000000100000000)
  region size 1024K, 58 young (59392K), 8 survivors (8192K)
 Metaspace       used 105519K, capacity 108039K, committed 108520K, reserved 1142784K
  class space    used 13412K, capacity 14364K, committed 14496K, reserved 1048576K
}
Event: 28.652 GC heap after
{Heap after GC invocations=46 (full 0):
 garbage-first heap   total 225280K, used 129201K [0x0000000080000000, 0x0000000100000000)
  region size 1024K, 8 young (8192K), 8 survivors (8192K)
 Metaspace       used 105519K, capacity 108039K, committed 108520K, reserved 1142784K
  class space    used 13412K, capacity 14364K, committed 14496K, reserved 1048576K
}
Event: 28.814 GC heap before
{Heap before GC invocations=46 (full 0):
 garbage-first heap   total 225280K, used 176305K [0x0000000080000000, 0x0000000100000000)
  region size 1024K, 54 young (55296K), 8 survivors (8192K)
 Metaspace       used 106326K, capacity 109052K, committed 109288K, reserved 1144832K
  class space    used 13577K, capacity 14654K, committed 14752K, reserved 1048576K
}
Event: 28.844 GC heap after
{Heap after GC invocations=47 (full 0):
 garbage-first heap   total 327680K, used 139099K [0x0000000080000000, 0x0000000100000000)
  region size 1024K, 7 young (7168K), 7 survivors (7168K)
 Metaspace       used 106326K, capacity 109052K, committed 109288K, reserved 1144832K
  class space    used 13577K, capacity 14654K, committed 14752K, reserved 1048576K
}
Event: 29.060 GC heap before
{Heap before GC invocations=47 (full 0):
 garbage-first heap   total 327680K, used 214875K [0x0000000080000000, 0x0000000100000000)
  region size 1024K, 82 young (83968K), 7 survivors (7168K)
 Metaspace       used 107026K, capacity 109780K, committed 109928K, reserved 1144832K
  class space    used 13703K, capacity 14788K, committed 14880K, reserved 1048576K
}
Event: 29.084 GC heap after
{Heap after GC invocations=48 (full 0):
 garbage-first heap   total 327680K, used 152812K [0x0000000080000000, 0x0000000100000000)
  region size 1024K, 11 young (11264K), 11 survivors (11264K)
 Metaspace       used 107026K, capacity 109780K, committed 109928K, reserved 1144832K
  class space    used 13703K, capacity 14788K, committed 14880K, reserved 1048576K
}
Event: 29.384 GC heap before
{Heap before GC invocations=49 (full 0):
 garbage-first heap   total 327680K, used 228588K [0x0000000080000000, 0x0000000100000000)
  region size 1024K, 85 young (87040K), 11 survivors (11264K)
 Metaspace       used 108659K, capacity 111225K, committed 111720K, reserved 1146880K
  class space    used 13928K, capacity 14966K, committed 15136K, reserved 1048576K
}
Event: 29.414 GC heap after
{Heap after GC invocations=50 (full 0):
 garbage-first heap   total 327680K, used 165542K [0x0000000080000000, 0x0000000100000000)
  region size 1024K, 11 young (11264K), 11 survivors (11264K)
 Metaspace       used 108659K, capacity 111225K, committed 111720K, reserved 1146880K
  class space    used 13928K, capacity 14966K, committed 15136K, reserved 1048576K
}
Event: 29.848 GC heap before
{Heap before GC invocations=50 (full 0):
 garbage-first heap   total 327680K, used 238246K [0x0000000080000000, 0x0000000100000000)
  region size 1024K, 83 young (84992K), 11 survivors (11264K)
 Metaspace       used 110161K, capacity 112911K, committed 113256K, reserved 1146880K
  class space    used 14170K, capacity 15267K, committed 15392K, reserved 1048576K
}
Event: 29.876 GC heap after
{Heap after GC invocations=51 (full 0):
 garbage-first heap   total 327680K, used 173161K [0x0000000080000000, 0x0000000100000000)
  region size 1024K, 7 young (7168K), 7 survivors (7168K)
 Metaspace       used 110161K, capacity 112911K, committed 113256K, reserved 1146880K
  class space    used 14170K, capacity 15267K, committed 15392K, reserved 1048576K
}
Event: 30.620 GC heap before
{Heap before GC invocations=52 (full 0):
 garbage-first heap   total 327680K, used 245865K [0x0000000080000000, 0x0000000100000000)
  region size 1024K, 79 young (80896K), 7 survivors (7168K)
 Metaspace       used 111738K, capacity 114510K, committed 114920K, reserved 1148928K
  class space    used 14304K, capacity 15394K, committed 15520K, reserved 1048576K
}

