# JRE version: OpenJDK Runtime Environment (11.0.13) (build 11.0.13+0-b1751.21-8125866)
# Java VM: OpenJDK 64-Bit Server VM (11.0.13+0-b1751.21-8125866, mixed mode, tiered, compressed oops, g1 gc, windows-amd64)
Heap:
 garbage-first heap   total 361472K, used 220480K [0x0000000080000000, 0x0000000100000000)
  region size 1024K, 35 young (35840K), 3 survivors (3072K)
 Metaspace       used 149866K, capacity 154242K, committed 154448K, reserved 1183744K
  class space    used 18345K, capacity 19913K, committed 19968K, reserved 1048576K
GC Heap History (20 events):
Event: 9093.810 GC heap before
{Heap before GC invocations=93 (full 0):
 garbage-first heap   total 276480K, used 198842K [0x0000000080000000, 0x0000000100000000)
  region size 1024K, 13 young (13312K), 5 survivors (5120K)
 Metaspace       used 148215K, capacity 152440K, committed 152784K, reserved 1181696K
  class space    used 18217K, capacity 19736K, committed 19840K, reserved 1048576K
}
Event: 9093.821 GC heap after
{Heap after GC invocations=94 (full 0):
 garbage-first heap   total 276480K, used 185181K [0x0000000080000000, 0x0000000100000000)
  region size 1024K, 2 young (2048K), 2 survivors (2048K)
 Metaspace       used 148215K, capacity 152440K, committed 152784K, reserved 1181696K
  class space    used 18217K, capacity 19736K, committed 19840K, reserved 1048576K
}
Event: 9094.054 GC heap before
{Heap before GC invocations=94 (full 0):
 garbage-first heap   total 276480K, used 222045K [0x0000000080000000, 0x0000000100000000)
  region size 1024K, 39 young (39936K), 2 survivors (2048K)
 Metaspace       used 148395K, capacity 152572K, committed 152784K, reserved 1181696K
  class space    used 18219K, capacity 19736K, committed 19840K, reserved 1048576K
}
Event: 9094.061 GC heap after
{Heap after GC invocations=95 (full 0):
 garbage-first heap   total 276480K, used 189140K [0x0000000080000000, 0x0000000100000000)
  region size 1024K, 5 young (5120K), 5 survivors (5120K)
 Metaspace       used 148395K, capacity 152572K, committed 152784K, reserved 1181696K
  class space    used 18219K, capacity 19736K, committed 19840K, reserved 1048576K
}
Event: 9094.337 GC heap before
{Heap before GC invocations=96 (full 0):
 garbage-first heap   total 276480K, used 227028K [0x0000000080000000, 0x0000000100000000)
  region size 1024K, 41 young (41984K), 5 survivors (5120K)
 Metaspace       used 148884K, capacity 153069K, committed 153296K, reserved 1183744K
  class space    used 18273K, capacity 19812K, committed 19840K, reserved 1048576K
}
Event: 9094.348 GC heap after
{Heap after GC invocations=97 (full 0):
 garbage-first heap   total 276480K, used 194687K [0x0000000080000000, 0x0000000100000000)
  region size 1024K, 6 young (6144K), 6 survivors (6144K)
 Metaspace       used 148884K, capacity 153069K, committed 153296K, reserved 1183744K
  class space    used 18273K, capacity 19812K, committed 19840K, reserved 1048576K
}
Event: 9094.378 GC heap before
{Heap before GC invocations=97 (full 0):
 garbage-first heap   total 276480K, used 201855K [0x0000000080000000, 0x0000000100000000)
  region size 1024K, 13 young (13312K), 6 survivors (6144K)
 Metaspace       used 148951K, capacity 153138K, committed 153296K, reserved 1183744K
  class space    used 18283K, capacity 19813K, committed 19840K, reserved 1048576K
}
Event: 9094.387 GC heap after
{Heap after GC invocations=98 (full 0):
 garbage-first heap   total 276480K, used 194172K [0x0000000080000000, 0x0000000100000000)
  region size 1024K, 1 young (1024K), 1 survivors (1024K)
 Metaspace       used 148951K, capacity 153138K, committed 153296K, reserved 1183744K
  class space    used 18283K, capacity 19813K, committed 19840K, reserved 1048576K
}
Event: 9094.494 GC heap before
{Heap before GC invocations=98 (full 0):
 garbage-first heap   total 276480K, used 228988K [0x0000000080000000, 0x0000000100000000)
  region size 1024K, 36 young (36864K), 1 survivors (1024K)
 Metaspace       used 149122K, capacity 153344K, committed 153552K, reserved 1183744K
  class space    used 18303K, capacity 19818K, committed 19840K, reserved 1048576K
}
Event: 9094.507 GC heap after
{Heap after GC invocations=99 (full 0):
 garbage-first heap   total 276480K, used 197165K [0x0000000080000000, 0x0000000100000000)
  region size 1024K, 4 young (4096K), 4 survivors (4096K)
 Metaspace       used 149122K, capacity 153344K, committed 153552K, reserved 1183744K
  class space    used 18303K, capacity 19818K, committed 19840K, reserved 1048576K
}
Event: 9094.949 GC heap before
{Heap before GC invocations=100 (full 0):
 garbage-first heap   total 276480K, used 230957K [0x0000000080000000, 0x0000000100000000)
  region size 1024K, 38 young (38912K), 4 survivors (4096K)
 Metaspace       used 149117K, capacity 153300K, committed 153552K, reserved 1183744K
  class space    used 18281K, capacity 19779K, committed 19840K, reserved 1048576K
}
Event: 9094.965 GC heap after
{Heap after GC invocations=101 (full 0):
 garbage-first heap   total 276480K, used 198596K [0x0000000080000000, 0x0000000100000000)
  region size 1024K, 3 young (3072K), 3 survivors (3072K)
 Metaspace       used 149117K, capacity 153300K, committed 153552K, reserved 1183744K
  class space    used 18281K, capacity 19779K, committed 19840K, reserved 1048576K
}
Event: 9095.046 GC heap before
{Heap before GC invocations=101 (full 0):
 garbage-first heap   total 276480K, used 208836K [0x0000000080000000, 0x0000000100000000)
  region size 1024K, 13 young (13312K), 3 survivors (3072K)
 Metaspace       used 149177K, capacity 153367K, committed 153552K, reserved 1183744K
  class space    used 18281K, capacity 19779K, committed 19840K, reserved 1048576K
}
Event: 9095.055 GC heap after
{Heap after GC invocations=102 (full 0):
 garbage-first heap   total 276480K, used 185286K [0x0000000080000000, 0x0000000100000000)
  region size 1024K, 2 young (2048K), 2 survivors (2048K)
 Metaspace       used 149177K, capacity 153367K, committed 153552K, reserved 1183744K
  class space    used 18281K, capacity 19779K, committed 19840K, reserved 1048576K
}
Event: 9095.318 GC heap before
{Heap before GC invocations=102 (full 0):
 garbage-first heap   total 276480K, used 223174K [0x0000000080000000, 0x0000000100000000)
  region size 1024K, 41 young (41984K), 2 survivors (2048K)
 Metaspace       used 149306K, capacity 153511K, committed 153808K, reserved 1183744K
  class space    used 18281K, capacity 19779K, committed 19840K, reserved 1048576K
}
Event: 9095.342 GC heap after
{Heap after GC invocations=103 (full 0):
 garbage-first heap   total 276480K, used 191800K [0x0000000080000000, 0x0000000100000000)
  region size 1024K, 6 young (6144K), 6 survivors (6144K)
 Metaspace       used 149306K, capacity 153511K, committed 153808K, reserved 1183744K
  class space    used 18281K, capacity 19779K, committed 19840K, reserved 1048576K
}
Event: 9129.928 GC heap before
{Heap before GC invocations=104 (full 0):
 garbage-first heap   total 276480K, used 238904K [0x0000000080000000, 0x0000000100000000)
  region size 1024K, 43 young (44032K), 6 survivors (6144K)
 Metaspace       used 149476K, capacity 153648K, committed 153808K, reserved 1183744K
  class space    used 18303K, capacity 19836K, committed 19840K, reserved 1048576K
}
Event: 9130.024 GC heap after
{Heap after GC invocations=105 (full 0):
 garbage-first heap   total 361472K, used 189051K [0x0000000080000000, 0x0000000100000000)
  region size 1024K, 3 young (3072K), 3 survivors (3072K)
 Metaspace       used 149476K, capacity 153648K, committed 153808K, reserved 1183744K
  class space    used 18303K, capacity 19836K, committed 19840K, reserved 1048576K
}
Event: 9130.837 GC heap before
{Heap before GC invocations=105 (full 0):
 garbage-first heap   total 361472K, used 202363K [0x0000000080000000, 0x0000000100000000)
  region size 1024K, 17 young (17408K), 3 survivors (3072K)
 Metaspace       used 149781K, capacity 154197K, committed 154448K, reserved 1183744K
  class space    used 18341K, capacity 19906K, committed 19968K, reserved 1048576K
}
Event: 9130.852 GC heap after
{Heap after GC invocations=106 (full 0):
 garbage-first heap   total 361472K, used 189760K [0x0000000080000000, 0x0000000100000000)
  region size 1024K, 3 young (3072K), 3 survivors (3072K)
 Metaspace       used 149781K, capacity 154197K, committed 154448K, reserved 1183744K
  class space    used 18341K, capacity 19906K, committed 19968K, reserved 1048576K
}

